Arguments: 
  /usr/local/bin/node /usr/local/Cellar/yarn/1.9.4/libexec/bin/yarn.js install

PATH: 
  /Library/Frameworks/Python.framework/Versions/3.6/bin:/usr/local/bin:/usr/bin:/bin:/usr/sbin:/sbin:/Users/sarahg/.npm-global/bin

Yarn version: 
  1.9.4

Node version: 
  8.11.3

Platform: 
  darwin x64

Trace: 
  Error: https://github.com/expo/react-native/archive/sdk-30.0.0.tar.gz: ETIMEDOUT
      at Timeout._onTimeout (/usr/local/Cellar/yarn/1.9.4/libexec/lib/cli.js:138128:19)
      at ontimeout (timers.js:498:11)
      at tryOnTimeout (timers.js:323:5)
      at Timer.listOnTimeout (timers.js:290:5)

npm manifest: 
  {
    "name": "empty-project-template",
    "main": "node_modules/expo/AppEntry.js",
    "private": true,
    "scripts": {
      "start": "expo start",
      "android": "expo start --android",
      "ios": "expo start --ios",
      "eject": "expo eject"
    },
    "dependencies": {
      "apollo-cache-inmemory": "^1.3.5",
      "apollo-client": "^2.4.2",
      "apollo-link": "^1.2.3",
      "apollo-link-context": "^1.0.9",
      "apollo-link-error": "^1.1.1",
      "apollo-link-http": "^1.5.5",
      "apollo-link-ws": "^1.0.9",
      "apollo-upload-client": "^9.0.0",
      "graphql": "^14.0.2",
      "graphql-tag": "^2.10.0",
      "expo": "^30.0.1",
      "react-apollo": "^2.2.4",
      "subscriptions-transport-ws": "^0.9.15",
      "react-navigation": "^2.18.0",
      "react": "16.3.1",
      "react-native": "https://github.com/expo/react-native/archive/sdk-30.0.0.tar.gz"
    }
  }

yarn manifest: 
  No manifest

Lockfile: 
  No lockfile
